<?xml version="1.0" encoding="UTF-8" standalone="yes"?>
<ns2:test-suite start="1499421342032" stop="1499421358409" xmlns:ns2="urn:model.allure.qatools.yandex.ru">
    <name>Default Suite : JenkinsCIProject</name>
    <title>Default Suite : JenkinsCIProject</title>
    <test-cases>
        <test-case start="1499421352593" stop="1499421356539" status="failed">
            <name>topPageTest</name>
            <failure>
                <message>AssertionError: The following asserts failed:
	3. Entry is displayed for observer	3. Entry is displayed for observer expected [false] but found [true]</message>
                <stack-trace>java.lang.AssertionError: The following asserts failed:
	3. Entry is displayed for observer	3. Entry is displayed for observer expected [false] but found [true]
	at org.testng.asserts.SoftAssert.assertAll(SoftAssert.java:48)
	at SimpleTest.topPageTest(SimpleTest.java:22)
	at sun.reflect.NativeMethodAccessorImpl.invoke0(Native Method)
	at sun.reflect.NativeMethodAccessorImpl.invoke(NativeMethodAccessorImpl.java:62)
	at sun.reflect.DelegatingMethodAccessorImpl.invoke(DelegatingMethodAccessorImpl.java:43)
	at java.lang.reflect.Method.invoke(Method.java:497)
	at org.testng.internal.MethodInvocationHelper.invokeMethod(MethodInvocationHelper.java:85)
	at org.testng.internal.Invoker.invokeMethod(Invoker.java:639)
	at org.testng.internal.Invoker.invokeTestMethod(Invoker.java:821)
	at org.testng.internal.Invoker.invokeTestMethods(Invoker.java:1131)
	at org.testng.internal.TestMethodWorker.invokeTestMethods(TestMethodWorker.java:125)
	at org.testng.internal.TestMethodWorker.run(TestMethodWorker.java:108)
	at org.testng.TestRunner.privateRun(TestRunner.java:773)
	at org.testng.TestRunner.run(TestRunner.java:623)
	at org.testng.SuiteRunner.runTest(SuiteRunner.java:357)
	at org.testng.SuiteRunner.runSequentially(SuiteRunner.java:352)
	at org.testng.SuiteRunner.privateRun(SuiteRunner.java:310)
	at org.testng.SuiteRunner.run(SuiteRunner.java:259)
	at org.testng.SuiteRunnerWorker.runSuite(SuiteRunnerWorker.java:52)
	at org.testng.SuiteRunnerWorker.run(SuiteRunnerWorker.java:86)
	at org.testng.TestNG.runSuitesSequentially(TestNG.java:1185)
	at org.testng.TestNG.runSuitesLocally(TestNG.java:1110)
	at org.testng.TestNG.run(TestNG.java:1018)
	at org.testng.IDEARemoteTestNG.run(IDEARemoteTestNG.java:72)
	at org.testng.RemoteTestNGStarter.main(RemoteTestNGStarter.java:127)
</stack-trace>
            </failure>
            <steps/>
            <attachments/>
            <labels>
                <label name="testId" value="1.1.1"/>
                <label name="feature" value="Top page test"/>
                <label name="host" value="TYULIKOVV7"/>
                <label name="thread" value="13756@TYULIKOVV7.main(1)"/>
            </labels>
        </test-case>
    </test-cases>
    <labels>
        <label name="framework" value="TestNG"/>
        <label name="language" value="JAVA"/>
    </labels>
</ns2:test-suite>
